0 info it worked if it ends with ok
1 verbose cli [ 'C:\\developer\\nodejs\\node.exe',
1 verbose cli   'C:\\developer\\nodejs\\node_modules\\npm\\bin\\npm-cli.js',
1 verbose cli   'run',
1 verbose cli   'start' ]
2 info using npm@3.10.8
3 info using node@v6.9.0
4 verbose run-script [ 'prestart', 'start', 'poststart' ]
5 info lifecycle angular-boilerplate@1.0.0~prestart: angular-boilerplate@1.0.0
6 verbose lifecycle angular-boilerplate@1.0.0~prestart: unsafe-perm in lifecycle true
7 verbose lifecycle angular-boilerplate@1.0.0~prestart: PATH: C:\developer\nvm\v6.9.0\node_modules\npm\bin\node-gyp-bin;G:\传智播客代码\主流框架\moviecat\node_modules\.bin;C:\ProgramData\Oracle\Java\javapath;C:\Windows\system32;C:\Windows;C:\Windows\System32\Wbem;C:\Windows\System32\WindowsPowerShell\v1.0\;C:\Program Files (x86)\Microsoft SQL Server\100\Tools\Binn\;C:\Program Files\Microsoft SQL Server\100\Tools\Binn\;C:\Program Files\Microsoft SQL Server\100\DTS\Binn\;C:\Program Files (x86)\Microsoft SQL Server\100\Tools\Binn\VSShell\Common7\IDE\;C:\Program Files (x86)\Microsoft Visual Studio 9.0\Common7\IDE\PrivateAssemblies\;C:\Program Files (x86)\Microsoft SQL Server\100\DTS\Binn\;C:\Program Files\Microsoft SQL Server\120\Tools\Binn\;C:\Program Files\Microsoft SQL Server\130\Tools\Binn\;F:\Program Files\TortoiseSVN\bin;C:\Users\Yahiko7\bin\Sencha\Cmd\6.0.2.14/..;f:\Program Files (x86)\Microsoft VS Code\bin;%NVM_HOME%;%NVM_SYMLINK%;C:\Users\Yahiko7\bin\Sencha\Cmd\6.0.2.14/..;f:\Program Files (x86)\Microsoft VS Code\bin;C:\developer\nvm;C:\developer\nodejs;C:\developer\nvm\npm;C:\developer\Git\bin;
8 verbose lifecycle angular-boilerplate@1.0.0~prestart: CWD: G:\传智播客代码\主流框架\moviecat
9 silly lifecycle angular-boilerplate@1.0.0~prestart: Args: [ '/d /s /c', 'npm install' ]
10 silly lifecycle angular-boilerplate@1.0.0~prestart: Returned: code: 0  signal: null
11 info lifecycle angular-boilerplate@1.0.0~start: angular-boilerplate@1.0.0
12 verbose lifecycle angular-boilerplate@1.0.0~start: unsafe-perm in lifecycle true
13 verbose lifecycle angular-boilerplate@1.0.0~start: PATH: C:\developer\nvm\v6.9.0\node_modules\npm\bin\node-gyp-bin;G:\传智播客代码\主流框架\moviecat\node_modules\.bin;C:\ProgramData\Oracle\Java\javapath;C:\Windows\system32;C:\Windows;C:\Windows\System32\Wbem;C:\Windows\System32\WindowsPowerShell\v1.0\;C:\Program Files (x86)\Microsoft SQL Server\100\Tools\Binn\;C:\Program Files\Microsoft SQL Server\100\Tools\Binn\;C:\Program Files\Microsoft SQL Server\100\DTS\Binn\;C:\Program Files (x86)\Microsoft SQL Server\100\Tools\Binn\VSShell\Common7\IDE\;C:\Program Files (x86)\Microsoft Visual Studio 9.0\Common7\IDE\PrivateAssemblies\;C:\Program Files (x86)\Microsoft SQL Server\100\DTS\Binn\;C:\Program Files\Microsoft SQL Server\120\Tools\Binn\;C:\Program Files\Microsoft SQL Server\130\Tools\Binn\;F:\Program Files\TortoiseSVN\bin;C:\Users\Yahiko7\bin\Sencha\Cmd\6.0.2.14/..;f:\Program Files (x86)\Microsoft VS Code\bin;%NVM_HOME%;%NVM_SYMLINK%;C:\Users\Yahiko7\bin\Sencha\Cmd\6.0.2.14/..;f:\Program Files (x86)\Microsoft VS Code\bin;C:\developer\nvm;C:\developer\nodejs;C:\developer\nvm\npm;C:\developer\Git\bin;
14 verbose lifecycle angular-boilerplate@1.0.0~start: CWD: G:\传智播客代码\主流框架\moviecat
15 silly lifecycle angular-boilerplate@1.0.0~start: Args: [ '/d /s /c', 'hs -o -p 8088 ' ]
16 silly lifecycle angular-boilerplate@1.0.0~start: Returned: code: 1  signal: null
17 info lifecycle angular-boilerplate@1.0.0~start: Failed to exec start script
18 verbose stack Error: angular-boilerplate@1.0.0 start: `hs -o -p 8088 `
18 verbose stack Exit status 1
18 verbose stack     at EventEmitter.<anonymous> (C:\developer\nvm\v6.9.0\node_modules\npm\lib\utils\lifecycle.js:255:16)
18 verbose stack     at emitTwo (events.js:106:13)
18 verbose stack     at EventEmitter.emit (events.js:191:7)
18 verbose stack     at ChildProcess.<anonymous> (C:\developer\nvm\v6.9.0\node_modules\npm\lib\utils\spawn.js:40:14)
18 verbose stack     at emitTwo (events.js:106:13)
18 verbose stack     at ChildProcess.emit (events.js:191:7)
18 verbose stack     at maybeClose (internal/child_process.js:877:16)
18 verbose stack     at Process.ChildProcess._handle.onexit (internal/child_process.js:226:5)
19 verbose pkgid angular-boilerplate@1.0.0
20 verbose cwd G:\传智播客代码\主流框架\moviecat
21 error Windows_NT 6.3.9600
22 error argv "C:\\developer\\nodejs\\node.exe" "C:\\developer\\nodejs\\node_modules\\npm\\bin\\npm-cli.js" "run" "start"
23 error node v6.9.0
24 error npm  v3.10.8
25 error code ELIFECYCLE
26 error angular-boilerplate@1.0.0 start: `hs -o -p 8088 `
26 error Exit status 1
27 error Failed at the angular-boilerplate@1.0.0 start script 'hs -o -p 8088 '.
27 error Make sure you have the latest version of node.js and npm installed.
27 error If you do, this is most likely a problem with the angular-boilerplate package,
27 error not with npm itself.
27 error Tell the author that this fails on your system:
27 error     hs -o -p 8088
27 error You can get information on how to open an issue for this project with:
27 error     npm bugs angular-boilerplate
27 error Or if that isn't available, you can get their info via:
27 error     npm owner ls angular-boilerplate
27 error There is likely additional logging output above.
28 verbose exit [ 1, true ]
